-------------------------------------------------------------------------------------------------------------
Thu Apr 21 21:00:01 +0000 2022 

 1517246802222743553 

 RT @SombraNetwork: Sombra loves you 💜😈

#nft #nfts #cryptocurrency #NFTCommunity 

 None 

 False 

 None 

 <a href="http://twitter.com/download/android" rel="nofollow">Twitter for Android</a> 

 118 

 [] 

 semogabigwin22 

 Ramadhanbigwin🎊 

 33 

 0 

 1118 

 en 

 None 

 https://pbs.twimg.com/profile_banners/1513357858837987331/1649654411 





Error insert tweets ! ! !  Incorrect string value: '\xF0\x9F\x92\x9C\xF0\x9F...' for column 'text' at row 1
-------------------------------------------------------------------------------------------------------------
-------------------------------------------------------------------------------------------------------------
Thu Apr 21 21:00:01 +0000 2022 

 1517246801832726528 

 1 $BTC = $40,590.00 $USD
🔴 -2.01% chg/24h

#Bitcoin #BTC #Crypto #Cryptocurrency 

 None 

 False 

 None 

 <a href="https://help.twitter.com/en/using-twitter/how-to-tweet#source-labels" rel="nofollow">BTCHourlyPrice</a> 

 0 

 [] 

 BTCHourlyPrice 

 Bitcoin Hourly Price 

 364 

 5 

 1 

 vi 

 None 

 https://pbs.twimg.com/profile_banners/1321423379287707655/1604231673 





Error insert tweets ! ! !  Incorrect string value: '\xF0\x9F\x94\xB4 -...' for column 'text' at row 1
-------------------------------------------------------------------------------------------------------------
-------------------------------------------------------------------------------------------------------------
Thu Apr 21 21:00:01 +0000 2022 

 1517246801069232128 

 📄 Hourly Report
🖥 GMO Coin
🕕 2022-04-22 06:00 JST
💰 口座残高: 1,658,379 JPY
☺ 評価損益: 119,613 JPY
💴 一億円まであと 372 日
#⃣ #Bitcoin #仮想通貨 #自動売買 

 None 

 False 

 None 

 <a href="https://help.twitter.com/en/using-twitter/how-to-tweet#source-labels" rel="nofollow">Lawn Bot Report</a> 

 0 

 [] 

 lawn_fx 

 Lawn Bot 

 214 

 3 

 208 

 ja 

 None 

 https://pbs.twimg.com/profile_banners/1425794254421446662/1629313108 





Error insert tweets ! ! !  Incorrect string value: '\xF0\x9F\x93\x84 H...' for column 'text' at row 1
-------------------------------------------------------------------------------------------------------------
-------------------------------------------------------------------------------------------------------------
Thu Apr 21 21:00:01 +0000 2022 

 1517246800847306752 

 We are about to witness massive short squeeze and massive upside #Bitcoin move. #ICP #Binance #Bitcoin

Within few hours we are going to the moon again. 🚀

I’ve been following &amp; taking @Tradeosiann tweets and every single tips seriously I’ve  been doing superb #ETH #NFTsCommuni 

 None 

 False 

 None 

 <a href="http://twitter.com/download/android" rel="nofollow">Twitter for Android</a> 

 0 

 [] 

 cryptotiger007 

 Crypto Tiger 

 37 

 2 

 65 

 en 

 None 

 None 





Error insert tweets ! ! !  Incorrect string value: '\xF0\x9F\x9A\x80\x0A\x0A...' for column 'text' at row 1
-------------------------------------------------------------------------------------------------------------
-------------------------------------------------------------------------------------------------------------
Thu Apr 21 21:00:01 +0000 2022 

 1517246800687558656 

 🟥 $DOT: 18.52 USD
🟥 $DOGE: 0.136 USD
🟥 $SHIB: 0.0000242 USD
🟥 $WBTC: 40609.71 USD
🟥 $MATIC: 1.39 USD
🟥 $NEAR: 15.51 USD
🟥 $CRO: 0.408 USD
🟥 $LTC: 107.43 USD

 #Crypto #Bitcoin 

 None 

 False 

 None 

 <a href="https://twitter.com/StatusBTC" rel="nofollow">Coin Data</a> 

 0 

 [] 

 CoinpricesBot 

 Crypto Bot 

 185 

 2 

 7 

 cs 

 None 

 None 





Error insert tweets ! ! !  Incorrect string value: '\xF0\x9F\x9F\xA5 $...' for column 'text' at row 1
-------------------------------------------------------------------------------------------------------------
-------------------------------------------------------------------------------------------------------------
Thu Apr 21 21:00:01 +0000 2022 

 1517246800653996032 

 MoonXBT Borsasına üye misiniz?

HAYIR diyen arkadaşlarımız DM’den yazsın gelecek cumartesi 2 kişiye 2000’er TL vereceğim.

Aynı zamanda üye olduktan sonra kayıtsız şartsız 10$ bonus var.

#bitcoin #ETH #NFTGiveaways #Giveaway #Giveaways #Hamstercoin #Pitbull #shiba #Metaverse 

 None 

 False 

 None 

 <a href="http://twitter.com/download/iphone" rel="nofollow">Twitter for iPhone</a> 

 0 

 [] 

 kriptopointt 

 Kripto Point 🇹🇷 

 20167 

 29 

 83 

 tr 

 None 

 https://pbs.twimg.com/profile_banners/1473757185838571528/1649275023 





Error insert tweets ! ! !  Data too long for column 'text' at row 1
-------------------------------------------------------------------------------------------------------------
-------------------------------------------------------------------------------------------------------------
Thu Apr 21 21:00:00 +0000 2022 

 1517246800482095104 

 Hoy tuvimos una reunión de revisión y planificación estratégica con el equipo de #LaGuaira y #Caracas 

Afianzando nuevas estrategias para seguir incrementando el uso de Bitcoin Cash en #Venezuela 

#BitcoinAgentsVenezuela2022 
#BitcoinCash https://t.co/Pn5UIbQIcl 

 None 

 False 

 None 

 <a href="https://about.twitter.com/products/tweetdeck" rel="nofollow">TweetDeck</a> 

 0 

 [] 

 BCHLatam 

 Bitcoin Cash Latam: Construye tu prosperidad BCH 

 1986 

 15 

 47 

 es 

 None 

 https://pbs.twimg.com/profile_banners/1001810789303504896/1642775027 





Error insert tweets ! ! !  Data too long for column 'text' at row 1
-------------------------------------------------------------------------------------------------------------
-------------------------------------------------------------------------------------------------------------
Thu Apr 21 21:00:00 +0000 2022 

 1517246800264310784 

 RT @ApeborgToken: #APEBORG 🦍🦍🦍

🐵 #LAUNCH ON #UNISWAP #ETH:APRIL 24th🐵
@ApeborgToken

#Ethereum #Bitcoin #Binance #BTC #BNB #BSC #dogecoin… 

 None 

 False 

 None 

 <a href="http://twitter.com/download/android" rel="nofollow">Twitter for Android</a> 

 14154 

 [] 

 aprilbigwin_win 

 April RamadhanWin #Freetag 

 25 

 0 

 1402 

 en 

 None 

 https://pbs.twimg.com/profile_banners/1513263867454918659/1650078370 





Error insert tweets ! ! !  Incorrect string value: '\xF0\x9F\xA6\x8D\xF0\x9F...' for column 'text' at row 1
-------------------------------------------------------------------------------------------------------------
-------------------------------------------------------------------------------------------------------------
Thu Apr 21 21:00:00 +0000 2022 

 1517246800205209602 

 More press coverage. 🚀🚀🚀
https://t.co/SdkAKTNAt4 #EgonautsNFT #oote #nfts #NFTCommmunity #bitcoin #ethereum #crypto @The_CoinTimes https://t.co/X5PGV3d0WY 

 None 

 False 

 None 

 <a href="https://about.twitter.com/products/tweetdeck" rel="nofollow">TweetDeck</a> 

 0 

 [URL(URL=https://t.co/SdkAKTNAt4, ExpandedURL=https://thecointimes.net/egonauts-nfts-all-about-the-nft-hall-of-fame/)] 

 EgonautsNFT 

 Order of the Egonauts 

 1121 

 69 

 416 

 en 

 None 

 https://pbs.twimg.com/profile_banners/1489364734390554624/1644263986 





Error insert tweets ! ! !  Incorrect string value: '\xF0\x9F\x9A\x80\xF0\x9F...' for column 'text' at row 1
-------------------------------------------------------------------------------------------------------------
-------------------------------------------------------------------------------------------------------------
Thu Apr 21 21:00:00 +0000 2022 

 1517246799991476224 

 @567_48 "Mutants. No.09" Available on Rarible

You can place your offer as #tezos

Welcome to the world of mutants. I create strange creatures here, living on Tezos Blockchain

- 2 $XTZ

https://t.co/TbnBI3DzxZ

#NFT #NFTs #raribleontezos #nftcollector #NFTCommunity 

 None 

 False 

 None 

 <a href="http://twitter.com/download/android" rel="nofollow">Twitter for Android</a> 

 0 

 [URL(URL=https://t.co/TbnBI3DzxZ, ExpandedURL=https://twitter.com/_Apolloart/status/1516694095644794887?s=20&t=8lX1xAgEjuPQWmFMvGlVig)] 

 _Apolloart 

 Apollo 

 8222 

 49 

 5312 

 en 

 None 

 https://pbs.twimg.com/profile_banners/1375395006526193667/1620989526 





Error insert tweets ! ! !  Data too long for column 'text' at row 1
-------------------------------------------------------------------------------------------------------------
-------------------------------------------------------------------------------------------------------------
Thu Apr 21 21:00:00 +0000 2022 

 1517246799915986946 

 RT @BDFischer: #EverRise $RISE #LetUsIn #EverRiseV3 #EverRiseEDU #DeFi #Crypto #Cryptocurrency #NFTProject #Utility #Altcoins #EverBridge #… 

 None 

 False 

 None 

 <a href="http://twitter.com/download/android" rel="nofollow">Twitter for Android</a> 

 3 

 [] 

 milyioanagerman 

 Mily - CRYPTO 

 190 

 5 

 161 

 en 

 None 

 https://pbs.twimg.com/profile_banners/1120670856886259712/1649358745 





Tweet successfuly insert
hashtag successfuly insert
hashtag successfuly insert
hashtag successfuly insert
hashtag successfuly insert
hashtag successfuly insert
hashtag successfuly insert
hashtag successfuly insert
hashtag successfuly insert
hashtag successfuly insert
hashtag successfuly insert
hashtag successfuly insert
user_mention successfuly insert
-------------------------------------------------------------------------------------------------------------
-------------------------------------------------------------------------------------------------------------
Thu Apr 21 21:00:00 +0000 2022 

 1517246799915925508 

 RT @EconomiaCripto: #URGENTE 🚨

❌Jerome Powell sostiene que es factible un nuevo aumento en las tasas de interés de 50 puntos, es prioridad… 

 None 

 False 

 None 

 <a href="http://twitter.com/download/android" rel="nofollow">Twitter for Android</a> 

 1 

 [] 

 EconomiaCripto 

 Economía cripto 

 358 

 15 

 575 

 es 

 None 

 https://pbs.twimg.com/profile_banners/1482802611761860618/1647748711 





Error insert tweets ! ! !  Incorrect string value: '\xF0\x9F\x9A\xA8\x0A\x0A...' for column 'text' at row 1
-------------------------------------------------------------------------------------------------------------
-------------------------------------------------------------------------------------------------------------
Thu Apr 21 21:00:00 +0000 2022 

 1517246799815319554 

 RT @KriptoTurkiye81: #Blockchain problemlerini donanımlı ekibiyle çözmeye çalışan yenilikçi bir proje #AlephZero incelememiz sizlerle.👇 $Az… 

 None 

 False 

 None 

 <a href="http://twitter.com/download/android" rel="nofollow">Twitter for Android</a> 

 23 

 [] 

 ZekiOzc46039092 

 crypto_OZ 

 67 

 5 

 108 

 tr 

 None 

 https://pbs.twimg.com/profile_banners/1344020427983745024/1649969008 





Error insert tweets ! ! !  Incorrect string value: '\xF0\x9F\x91\x87 $...' for column 'text' at row 1
-------------------------------------------------------------------------------------------------------------
-------------------------------------------------------------------------------------------------------------
Thu Apr 21 21:00:00 +0000 2022 

 1517246799714689029 

 @_Talouls i need metamask trust wallet bitcoin hack instagram logo well paid binance coinbase solana eth btc 50k elon musk tesla banner youtube metaverse LOGOOOOOOOOOOOOOOO very rich can give 50M each one 

 None 

 False 

 None 

 <a href="http://twitter.com/download/iphone" rel="nofollow">Twitter for iPhone</a> 

 0 

 [] 

 slmn_e60 

 qui ? 

 597 

 0 

 397 

 en 

 None 

 https://pbs.twimg.com/profile_banners/963504529110196224/1649782635 





Tweet successfuly insert
user_mention successfuly insert
-------------------------------------------------------------------------------------------------------------
-------------------------------------------------------------------------------------------------------------
Thu Apr 21 21:00:00 +0000 2022 

 1517246799555215361 

 @CoinDesk @DappRadar @OKnightCrypto Games are a fundamental part of the use of the blockchain!🙌🏼🥇
Seeing that our players are an essential part of the market is the best!👥🚀
Games are the most fun way to earn! 🔥 

 None 

 False 

 None 

 <a href="https://mobile.twitter.com" rel="nofollow">Twitter Web App</a> 

 0 

 [] 

 ignitechain 

 Ignite Blockchain 

 27414 

 11 

 22 

 en 

 None 

 https://pbs.twimg.com/profile_banners/1481585019886116869/1642412033 





Error insert tweets ! ! !  Incorrect string value: '\xF0\x9F\x99\x8C\xF0\x9F...' for column 'text' at row 1
-------------------------------------------------------------------------------------------------------------
-------------------------------------------------------------------------------------------------------------
Thu Apr 21 21:00:00 +0000 2022 

 1517246799534166017 

 Prepare yourself to Buy ⧫ JOY : tomorrow on OpenSea! https://t.co/nEknQAY29d via @opensea #NFTs #Polygon #NFTcollections #nftcollectors #generative #algorithmic #Sandbox #Decentraland #cryptoarts #NFTcommunity #NFTcollectibles #cryptoart #blockchain #nftcollector #NFTartist https://t.co/xaVlwLEif8 

 None 

 False 

 None 

 <a href="https://mobile.twitter.com" rel="nofollow">Twitter Web App</a> 

 0 

 [URL(URL=https://t.co/nEknQAY29d, ExpandedURL=https://opensea.io/assets/matic/0x2953399124f0cbb46d2cbacd8a89cf0599974963/77576860420004814563602134231434445972520065975769762571323066054820438736897/)] 

 ItizFred 

 Maker Fred 

 285 

 2 

 2323 

 en 

 None 

 https://pbs.twimg.com/profile_banners/101547433/1650320466 





Error insert tweets ! ! !  Data too long for column 'text' at row 1
-------------------------------------------------------------------------------------------------------------
-------------------------------------------------------------------------------------------------------------
Thu Apr 21 21:00:00 +0000 2022 

 1517246799504838657 

 Buy Bitcoin $BTC @ 40609.25 

 None 

 False 

 None 

 <a href="https://www.pabbly.com/" rel="nofollow">Pabbly Connect</a> 

 0 

 [] 

 BTC_AI_bot 

 BTC AI Prediction Bot 

 852 

 8 

 0 

 en 

 None 

 https://pbs.twimg.com/profile_banners/1286722098627518464/1595661386 





Tweet successfuly insert
-------------------------------------------------------------------------------------------------------------
-------------------------------------------------------------------------------------------------------------
Thu Apr 21 21:00:00 +0000 2022 

 1517246799408418817 

 RT @BitcoinFear: Bitcoin Fear and Greed Index is 27 — Fear
Current price: $41,231 https://t.co/3H7yc23hV7 

 None 

 False 

 None 

 <a href="https://twitter.com/nomadmuza" rel="nofollow">muza_jp</a> 

 44 

 [] 

 nomadmuza 

 まざ@ FX × 海外生活 

 2265 

 14 

 530 

 en 

 None 

 https://pbs.twimg.com/profile_banners/936115176012595200/1631097553 





Tweet successfuly insert
user_mention successfuly insert
-------------------------------------------------------------------------------------------------------------
-------------------------------------------------------------------------------------------------------------
Thu Apr 21 21:00:00 +0000 2022 

 1517246799316201473 

 Top 🔟 PERFORMING cryptocurrency this hour
1. $MANA or #MANA
2. $MATIC or #MATIC
3. $NMR or #NMR
Show More https://t.co/Wd1UnIOBEG https://t.co/GxfDNU8QvE 

 None 

 False 

 None 

 <a href="https://help.twitter.com/en/using-twitter/how-to-tweet#source-labels" rel="nofollow">Crypto Price Prediction</a> 

 0 

 [URL(URL=https://t.co/Wd1UnIOBEG, ExpandedURL=https://twitter.com/search?q=%22%F0%9F%9A%A8%20+5%25%20profit%20of%20$%22&f=live)] 

 torshis 

 Crypto Price Prediction 

 5687 

 46 

 0 

 en 

 None 

 https://pbs.twimg.com/profile_banners/1151903385261674497/1623997930 





Error insert tweets ! ! !  Incorrect string value: '\xF0\x9F\x94\x9F P...' for column 'text' at row 1
-------------------------------------------------------------------------------------------------------------
-------------------------------------------------------------------------------------------------------------
Thu Apr 21 21:00:00 +0000 2022 

 1517246799316103168 

 FREE #NFT GIVEAWAY!! 🎉

RT + Follow @NFT_Holding &amp; @NFTAssociation, Drop $ETH Wallet! ✅

#NFTGiveaways #NFTCommmunity #blockchain #NFTs #ETH #BTC #Crypto #BNB #SOL #BSC #Avax  #Ethereum #Bitcoin #Solana #Giveaway #Tezos #Airdrop #NFT #ADA #NFTGiveaway #NFTdrop #Tron #NFTShill https://t.co/bx1gy7O4kY 

 None 

 False 

 None 

 <a href="https://mobile.twitter.com" rel="nofollow">Twitter Web App</a> 

 0 

 [] 

 NFT_Holding 

 NFT Holding 💎 

 18846 

 40 

 1040 

 en 

 None 

 https://pbs.twimg.com/profile_banners/3304239502/1636815891 





Error insert tweets ! ! !  Incorrect string value: '\xF0\x9F\x8E\x89\x0A\x0A...' for column 'text' at row 1
-------------------------------------------------------------------------------------------------------------
-------------------------------------------------------------------------------------------------------------
Thu Apr 21 21:00:00 +0000 2022 

 1517246799261569024 

 #BTCUSD - Panorama BITCOIN 21/04 - UMA BELA BRIGA DE FOICE! - TradingView - https://t.co/Gg72fdyH8Z 

 None 

 False 

 None 

 <a href="https://www.tradingview.com" rel="nofollow">TradingView</a> 

 0 

 [URL(URL=https://t.co/Gg72fdyH8Z, ExpandedURL=https://br.tradingview.com/chart/BTCUSD/OQcqFjDi/)] 

 br_tradingview 

 TradingView Brasil 🇧🇷 

 18310 

 270 

 424 

 und 

 None 

 https://pbs.twimg.com/profile_banners/786208675618619392/1626789429 





Error insert tweets ! ! !  Incorrect string value: '\xF0\x9F\x87\xA7\xF0\x9F...' for column 'name' at row 1
-------------------------------------------------------------------------------------------------------------
-------------------------------------------------------------------------------------------------------------
Thu Apr 21 21:00:00 +0000 2022 

 1517246799202947076 

 RT @SolottoclubNFT: Meet Mr. Lotto bringing you #SolottoPass for the first no-loss blockchain lottery with #Solana rewards.

Any interactio… 

 None 

 False 

 None 

 <a href="http://twitter.com/download/android" rel="nofollow">Twitter for Android</a> 

 7046 

 [] 

 Platinwr 

 Platinwr 

 37 

 0 

 276 

 en 

 None 

 https://pbs.twimg.com/profile_banners/4137240641/1650337524 





Tweet successfuly insert
hashtag successfuly insert
hashtag successfuly insert
Error insert user_mentions ! ! ! Incorrect string value: '\xF0\x9F\x8E\xB0, ...' for column 'name' at row 1
-------------------------------------------------------------------------------------------------------------
-------------------------------------------------------------------------------------------------------------
Thu Apr 21 21:00:00 +0000 2022 

 1517246799035121664 

 RT @projectquantum_: New Concept Art 4 of 6 - Abseiling into a Scythe Vault

#Gamefi #NFT #NFTs #P2E #Crypto #Cryptocurrency #Cryptotrading… 

 None 

 False 

 None 

 <a href="https://mobile.twitter.com" rel="nofollow">Twitter Web App</a> 

 58 

 [] 

 theoucafe007 

 EverGrowNicolás 🕊️ 

 53 

 2 

 113 

 en 

 None 

 https://pbs.twimg.com/profile_banners/1208946078/1642780844 





Error insert tweets ! ! !  Incorrect string value: '\xF0\x9F\x95\x8A\xEF\xB8...' for column 'name' at row 1
-------------------------------------------------------------------------------------------------------------
-------------------------------------------------------------------------------------------------------------
Thu Apr 21 21:00:00 +0000 2022 

 1517246799001571328 

 Current Price of Bitcoin:
$40751 (-1.66%)

$BTC #Bitcoin #Cryptocurrency #Crypto
More Information About Bitcoin: https://t.co/oZVIFOHizm 

 None 

 False 

 None 

 <a href="https://thecryptonerd.com" rel="nofollow">CryptoNerdApp</a> 

 0 

 [URL(URL=https://t.co/oZVIFOHizm, ExpandedURL=https://cryptonerd.box33.net/currencies/bitcoin)] 

 CryptoNerdApp 

 Crypto Nerd 

 70 

 4 

 68 

 en 

 None 

 None 





Tweet successfuly insert
hashtag successfuly insert
hashtag successfuly insert
hashtag successfuly insert
-------------------------------------------------------------------------------------------------------------
-------------------------------------------------------------------------------------------------------------
Thu Apr 21 21:00:00 +0000 2022 

 1517246798632529921 

 RT @Kriptozenciii: Ölüyoruz anlasana #bitcoin #btc 

 None 

 False 

 None 

 <a href="https://mobile.twitter.com" rel="nofollow">Twitter Web App</a> 

 12 

 [] 

 serrayshe1 

 isimsiz bi varlık 

 474 

 4 

 2023 

 tr 

 None 

 https://pbs.twimg.com/profile_banners/1311601526297722880/1601545435 





Tweet successfuly insert
hashtag successfuly insert
hashtag successfuly insert
Error insert user_mentions ! ! ! Incorrect string value: '\xF0\x9F\xA4\xB5\xF0\x9F...' for column 'name' at row 1
-------------------------------------------------------------------------------------------------------------
-------------------------------------------------------------------------------------------------------------
Thu Apr 21 21:00:00 +0000 2022 

 1517246798603116549 

 1 ARS is 12.15 satoshis right now.

1 satoshi is 0.082 ARS right now.

#bitcoin 

 None 

 False 

 None 

 <a href="https://help.twitter.com/en/using-twitter/how-to-tweet#source-labels" rel="nofollow">SatoshiARS</a> 

 0 

 [] 

 SatoshiARS_bot 

 SatoshiARS Bot 

 64 

 0 

 2 

 en 

 None 

 https://pbs.twimg.com/profile_banners/1381796433326669824/1638460899 





Tweet successfuly insert
hashtag successfuly insert
-------------------------------------------------------------------------------------------------------------
-------------------------------------------------------------------------------------------------------------
Thu Apr 21 21:00:00 +0000 2022 

 1517246798334771204 

 The Republic of India announced a proposal to introduce a Digital Rupee using blockchain and other technologies that will be issued by the Reserve Bank of India starting 2022-2023. https://t.co/1UObF1Gm3O #globalpayroll #payroll https://t.co/FxorEahPxp 

 None 

 False 

 None 

 <a href="http://www.hubspot.com/" rel="nofollow">HubSpot</a> 

 0 

 [URL(URL=https://t.co/1UObF1Gm3O, ExpandedURL=https://hubs.li/Q018gtT10)] 

 GPMInstitute 

 GPMInstitute 

 1485 

 24 

 518 

 en 

 None 

 https://pbs.twimg.com/profile_banners/2980018630/1434665286 





Tweet successfuly insert
hashtag successfuly insert
hashtag successfuly insert
-------------------------------------------------------------------------------------------------------------
-------------------------------------------------------------------------------------------------------------
Thu Apr 21 21:00:00 +0000 2022 

 1517246798242349058 

 Giants fabulous legend-Kyle Lauletta NFT Card
@opensea #NFTs #NFTCommunity #NFTGiveaway #blockchain #bitcoin #EtherMeta #Metaverse #NFL #NFLTwitter #PolygonNFT  https://t.co/zGxevvNgxh 

 None 

 False 

 None 

 <a href="https://mobile.twitter.com" rel="nofollow">Twitter Web App</a> 

 0 

 [URL(URL=https://t.co/zGxevvNgxh, ExpandedURL=https://opensea.io/assets/matic/0x2953399124f0cbb46d2cbacd8a89cf0599974963/10152594475174474999784456204841123913421335681995689743389209032996952211457/)] 

 nastoloff 

 Nastoloff Cards 

 116 

 7 

 873 

 en 

 None 

 https://pbs.twimg.com/profile_banners/1442202757683814400/1634231500 





Tweet successfuly insert
hashtag successfuly insert
hashtag successfuly insert
hashtag successfuly insert
hashtag successfuly insert
hashtag successfuly insert
hashtag successfuly insert
hashtag successfuly insert
hashtag successfuly insert
hashtag successfuly insert
hashtag successfuly insert
user_mention successfuly insert
-------------------------------------------------------------------------------------------------------------
-------------------------------------------------------------------------------------------------------------
Thu Apr 21 21:00:00 +0000 2022 

 1517246798204649473 

 https://t.co/J0ccwwbWYG
¿CÓMO CREAR UN PROYECTO #NFT?¿CÓMO INVERTIR EN NFT? ¿VALE LA PENA? con Juan Diego Herrera. Esto hablaremos con el creador de Costa Jaguar, un proyecto NFT que ha dado que hablar este último tiempo. También TODO SOBRE Bitcoin Cash el fork competidor de BTC. 

 None 

 False 

 None 

 <a href="https://mobile.twitter.com" rel="nofollow">Twitter Web App</a> 

 0 

 [URL(URL=https://t.co/J0ccwwbWYG, ExpandedURL=https://youtu.be/qC8AthYIhrI)] 

 tucriptotime 

 Criptotime 

 191 

 11 

 503 

 es 

 None 

 https://pbs.twimg.com/profile_banners/1418715485449986048/1636956881 





Error insert tweets ! ! !  Data too long for column 'text' at row 1
-------------------------------------------------------------------------------------------------------------
-------------------------------------------------------------------------------------------------------------
Thu Apr 21 21:00:00 +0000 2022 

 1517246797835612162 

 📍So you’ve done your research and want to buy some crypto, at least to experiment and see if it’s right for you. But where do you begin? Be guided. #Think UncleSam's Republic. 
#cryptocurrency #crypto https://t.co/BGJ3K3y0iN 

 None 

 False 

 None 

 <a href="https://mobile.twitter.com" rel="nofollow">Twitter Web App</a> 

 0 

 [] 

 unclesams_rp 

 UncleSam's Republic 

 2047 

 10 

 2713 

 en 

 None 

 https://pbs.twimg.com/profile_banners/890594366489845761/1648881941 





Error insert tweets ! ! !  Incorrect string value: '\xF0\x9F\x93\x8DSo...' for column 'text' at row 1
-------------------------------------------------------------------------------------------------------------
-------------------------------------------------------------------------------------------------------------
Thu Apr 21 21:00:00 +0000 2022 

 1517246797806247936 

 RT @derfpunk: Bbballerz!!!

Join @bandzballerz @leballerzJames and @derfpunk for our weekly community space. 

Topics: @BALLERZ_NFT, @SNEAK… 

 None 

 False 

 None 

 <a href="http://twitter.com/download/iphone" rel="nofollow">Twitter for iPhone</a> 

 1 

 [] 

 leballerzJames 

 LeBallerz James 

 1457 

 8 

 1284 

 en 

 None 

 https://pbs.twimg.com/profile_banners/1458620871950704649/1646796132 





Tweet successfuly insert
user_mention successfuly insert
user_mention successfuly insert
user_mention successfuly insert
user_mention successfuly insert
user_mention successfuly insert
-------------------------------------------------------------------------------------------------------------
-------------------------------------------------------------------------------------------------------------
Thu Apr 21 21:00:00 +0000 2022 

 1517246797772894208 

 RT @flozinbtc: $100 | GIVEAWAY IN 48 HRS 🦊

- Follow me + @mooxprotocol
- RT
- Tag a friend
-----------------------------------------
#good… 

 None 

 False 

 None 

 <a href="http://twitter.com/download/android" rel="nofollow">Twitter for Android</a> 

 577 

 [] 

 strawberry_kis5 

 Coklat Strowberi 🍓 

 330 

 2 

 2679 

 en 

 None 

 https://pbs.twimg.com/profile_banners/1321380261393674240/1649128284 





Error insert tweets ! ! !  Incorrect string value: '\xF0\x9F\xA6\x8A\x0A\x0A...' for column 'text' at row 1
-------------------------------------------------------------------------------------------------------------
-------------------------------------------------------------------------------------------------------------
Thu Apr 21 21:00:00 +0000 2022 

 1517246797667872770 

 Top 5 exchanges para compra de #Bitcoin nesse momento:

@usebipa: R$ 189345.00
@BitPreco: R$ 189512.00
@FTX_Official: R$ 189612.73
@binance: R$ 189728.73
@PagCripto: R$ 189920.45

Fonte: Coinsamba 

 None 

 False 

 None 

 <a href="https://help.twitter.com/en/using-twitter/how-to-tweet#source-labels" rel="nofollow">Coinsamba</a> 

 0 

 [] 

 coinsamba 

 Coinsamba 

 539 

 3 

 115 

 pt 

 None 

 https://pbs.twimg.com/profile_banners/1301921354174926848/1615909123 





Tweet successfuly insert
hashtag successfuly insert
user_mention successfuly insert
user_mention successfuly insert
user_mention successfuly insert
user_mention successfuly insert
user_mention successfuly insert
-------------------------------------------------------------------------------------------------------------
-------------------------------------------------------------------------------------------------------------
Thu Apr 21 21:00:00 +0000 2022 

 1517246797609156608 

 Top 10 #Cryptocurrency Live Prices: 
(05:00 PM . Apr 21,2022)

#BTC $40701.95
#ETH $3000.81
#BNB $407.59
#DOGE $0.14
#SHIB $0.0000242202
#AXS $45.30
#MANA $2.05
#UNI $8.85
#GM $0.0000202783
#KISHU $0.0000000014

Comments! Which coins would like to be listed? 

 None 

 False 

 None 

 <a href="https://help.twitter.com/en/using-twitter/how-to-tweet#source-labels" rel="nofollow">Cryptocurrency Live Prices</a> 

 0 

 [] 

 StoreFiAi 

 Cryptocurrency prices (real-time) 

 775 

 12 

 2843 

 en 

 None 

 https://pbs.twimg.com/profile_banners/51904755/1635338672 





Error insert tweets ! ! !  Data too long for column 'text' at row 1
-------------------------------------------------------------------------------------------------------------
-------------------------------------------------------------------------------------------------------------
Thu Apr 21 21:00:00 +0000 2022 

 1517246797541957633 

 Bitcoin caiu :( - R$ 187.799,7 às 18:00 

 None 

 False 

 None 

 <a href="https://mokyun.net" rel="nofollow">Bitcoin Bipolar - By mokyun.net</a> 

 0 

 [] 

 _BitcoinBipolar 

 Bitcoin Bipolar 

 901 

 2 

 6 

 pt 

 None 

 https://pbs.twimg.com/profile_banners/1327860417465634816/1605421985 





Tweet successfuly insert
-------------------------------------------------------------------------------------------------------------
-------------------------------------------------------------------------------------------------------------
Thu Apr 21 21:00:00 +0000 2022 

 1517246797143773185 

 I want to join @IdenaNetwork to become a validator of the first Proof-of-Person blockchain #IdenaInvite

https://t.co/ojrdkXMN1X 

 None 

 False 

 None 

 <a href="http://twitter.com/download/android" rel="nofollow">Twitter for Android</a> 

 0 

 [URL(URL=https://t.co/ojrdkXMN1X, ExpandedURL=https://www.idena.io/join-idena)] 

 maiiibe 

 🐝 

 361 

 0 

 411 

 en 

 None 

 https://pbs.twimg.com/profile_banners/1487057953597263879/1643377639 





Error insert tweets ! ! !  Incorrect string value: '\xF0\x9F\x90\x9D' for column 'name' at row 1
-------------------------------------------------------------------------------------------------------------
-------------------------------------------------------------------------------------------------------------
Thu Apr 21 21:00:00 +0000 2022 

 1517246797122777088 

 RT @Mises001: Our block scanner https://t.co/Q6LBkXg8m3 is updated! Now it's very easy to read and find information you need
#Mises #blockc… 

 None 

 False 

 None 

 <a href="http://twitter.com/download/android" rel="nofollow">Twitter for Android</a> 

 5 

 [URL(URL=https://t.co/Q6LBkXg8m3, ExpandedURL=https://gw.mises.site/)] 

 purgenjhoe 

 Purgenjhoe 

 106 

 4 

 2195 

 en 

 None 

 None 





Tweet successfuly insert
hashtag successfuly insert
user_mention successfuly insert
-------------------------------------------------------------------------------------------------------------
-------------------------------------------------------------------------------------------------------------
Thu Apr 21 21:00:00 +0000 2022 

 1517246796841590784 

 #Bitcoin 📊

🇺🇸 U$ 40612.43
🔽 -1.91%

🇧🇷 R$ 189388.00
🔽 -1.74%

#MurrayRothbotPriceAlerts 

 None 

 False 

 None 

 <a href="https://help.twitter.com/en/using-twitter/how-to-tweet#source-labels" rel="nofollow">MR OP Messages</a> 

 0 

 [] 

 murray_rothbot 

 Murray Rothbot 

 462 

 2 

 1 

 und 

 None 

 https://pbs.twimg.com/profile_banners/1441583531663134730/1632708446 





Error insert tweets ! ! !  Incorrect string value: '\xF0\x9F\x93\x8A\x0A\x0A...' for column 'text' at row 1
-------------------------------------------------------------------------------------------------------------
-------------------------------------------------------------------------------------------------------------
Thu Apr 21 20:59:59 +0000 2022 

 1517246796069752833 

 @PegasusLighty Just that i lost my metamask eth with trust wallet browser seed phrase i need help with my metamask lost funds metamask hacked account trust wallet hacked account uniswap not swapping pancakeswap wallet connect coinbase hacked account binance hacked account lost bitcoin wallet 

 None 

 False 

 None 

 <a href="https://mobile.twitter.com" rel="nofollow">Twitter Web App</a> 

 0 

 [] 

 SigmaChecklist 

 Sigma 

 1 

 0 

 0 

 en 

 None 

 https://pbs.twimg.com/profile_banners/1416752099816353800/1650574370 





Error insert tweets ! ! !  Data too long for column 'text' at row 1
-------------------------------------------------------------------------------------------------------------
-------------------------------------------------------------------------------------------------------------
Thu Apr 21 20:59:59 +0000 2022 

 1517246795348385792 

 @IIICapital Bitcoin can help, but progressive taxation should be applied to housing accumulation. Housing has to be a bad investment. 

 None 

 False 

 None 

 <a href="https://mobile.twitter.com" rel="nofollow">Twitter Web App</a> 

 0 

 [] 

 Galetaire 

 Galetaire/ 

 59 

 3 

 80 

 en 

 None 

 https://pbs.twimg.com/profile_banners/1376458457872805888/1644613405 





Tweet successfuly insert
Error insert user_mentions ! ! ! Incorrect string value: '\xF0\x9F\x94\x91)\xC2...' for column 'name' at row 1
-------------------------------------------------------------------------------------------------------------
-------------------------------------------------------------------------------------------------------------
Thu Apr 21 20:59:59 +0000 2022 

 1517246793867792387 

 RT @WClementeIII: Despite the Nasdaq being down 18% from its peak, a record high 64% of Bitcoin supply hasn't moved in at least a year. 

B… 

 None 

 False 

 None 

 <a href="http://twitter.com/download/android" rel="nofollow">Twitter for Android</a> 

 93 

 [] 

 TwitchPS4 

 DragonMind7 🌋 

 317 

 18 

 1025 

 en 

 None 

 https://pbs.twimg.com/profile_banners/3205520753/1619773953 





Error insert tweets ! ! !  Incorrect string value: '\xF0\x9F\x8C\x8B' for column 'name' at row 1
-------------------------------------------------------------------------------------------------------------
-------------------------------------------------------------------------------------------------------------
Thu Apr 21 20:59:58 +0000 2022 

 1517246791296720899 

 #ImranKhan #Mariupol #Azovstal #insaniyardimaceza #malamjumat #itikafvakti #kemalkilicdaroglu #WelcomeErik #blockchain #ShaheenShahAfridi #ZeeNuNew #LePen #JusticeForJohnnyDepp https://t.co/6Pl7DI1S1j 

 None 

 False 

 None 

 <a href="http://twitter.com/download/android" rel="nofollow">Twitter for Android</a> 

 0 

 [] 

 topsakal_nuray 

 Nuray Topsakal 

 1215 

 2 

 1429 

 und 

 None 

 https://pbs.twimg.com/profile_banners/1371543079451250689/1643120490 





Tweet successfuly insert
hashtag successfuly insert
hashtag successfuly insert
hashtag successfuly insert
hashtag successfuly insert
hashtag successfuly insert
hashtag successfuly insert
hashtag successfuly insert
hashtag successfuly insert
hashtag successfuly insert
hashtag successfuly insert
hashtag successfuly insert
hashtag successfuly insert
hashtag successfuly insert
-------------------------------------------------------------------------------------------------------------
-------------------------------------------------------------------------------------------------------------
Thu Apr 21 20:59:58 +0000 2022 

 1517246790671679488 

 RT @ChappieCrypt0: #NFTGiveaways 👀

Prizes :
🏆 1 kişi 15 $SOL 💵
🏆2 kişiye Bono #NFT 

❕ Rules :
1⃣ RT &amp; ❤️
2⃣ Follow @bona_parks &amp; @Chappie… 

 None 

 False 

 None 

 <a href="http://twitter.com/download/android" rel="nofollow">Twitter for Android</a> 

 38 

 [] 

 mehmetali971 

 mehmet ali gedikli 

 324 

 2 

 4779 

 en 

 None 

 https://pbs.twimg.com/profile_banners/3091415829/1645377694 





Error insert tweets ! ! !  Incorrect string value: '\xF0\x9F\x91\x80\x0A\x0A...' for column 'text' at row 1
-------------------------------------------------------------------------------------------------------------
-------------------------------------------------------------------------------------------------------------
Thu Apr 21 20:59:58 +0000 2022 

 1517246790487052288 

 @GRNGRID 
#GRN #GRNGRID #SustainableBlockchain #DeFi #cryptocurrency
This is a  Excellent project ! The team is in close contact with the community and is easily accessible for sharing new ideas or answering issues platform. 

 None 

 False 

 None 

 <a href="http://twitter.com/download/android" rel="nofollow">Twitter for Android</a> 

 0 

 [] 

 Sayma0078 

 Sayma 

 2596 

 0 

 2355 

 en 

 None 

 https://pbs.twimg.com/profile_banners/1495704738305765390/1645439302 





Tweet successfuly insert
hashtag successfuly insert
hashtag successfuly insert
hashtag successfuly insert
hashtag successfuly insert
hashtag successfuly insert
user_mention successfuly insert
-------------------------------------------------------------------------------------------------------------
-------------------------------------------------------------------------------------------------------------
Thu Apr 21 20:59:58 +0000 2022 

 1517246790411640833 

 RT @WatcherGuru: JUST IN: 🇩🇪 German electronics chain Media Markt is set to roll out 12 #Bitcoin ATMs in Austria. 

 None 

 False 

 None 

 <a href="http://twitter.com/download/iphone" rel="nofollow">Twitter for iPhone</a> 

 84 

 [] 

 snapoutofit2021 

 Cornelius Hart 

 363 

 11 

 2207 

 en 

 None 

 https://pbs.twimg.com/profile_banners/1356348044598513671/1613947440 





Error insert tweets ! ! !  Incorrect string value: '\xF0\x9F\x87\xA9\xF0\x9F...' for column 'text' at row 1
-------------------------------------------------------------------------------------------------------------
-------------------------------------------------------------------------------------------------------------
Thu Apr 21 20:59:58 +0000 2022 

 1517246790260641792 

 41700$ da bir türlü destek oluşturamadık, geçen hafta da 40'da oluşmasına izin vermiyorlardı. Hep bi aşağı temizlik emirleri bitire bitire şimdi de aynı senaryo. 40K desteği ve emirleri mevcut ama altı tehlike, 3-4 mum (12-16saat) içinde tekrar 41.7 üstüne çıkmalıyız. #bitcoin 

 None 

 False 

 None 

 <a href="http://twitter.com/download/android" rel="nofollow">Twitter for Android</a> 

 0 

 [] 

 denroyceR 

 Den Roycer 

 34827 

 138 

 265 

 tr 

 None 

 https://pbs.twimg.com/profile_banners/86788249/1649249377 





Error insert tweets ! ! !  Data too long for column 'text' at row 1
-------------------------------------------------------------------------------------------------------------
-------------------------------------------------------------------------------------------------------------
Thu Apr 21 20:59:58 +0000 2022 

 1517246790256500736 

 @Lauren_lolly_ @DavenHundreds @96_TomL @ItsFleeceKing @_CrimsonK19 @johnhanke @PoKeGainnsss You are not interested in Bitcoin investment are you? 

 None 

 False 

 None 

 <a href="http://twitter.com/download/android" rel="nofollow">Twitter for Android</a> 

 0 

 [] 

 Goldyn_official 

 Kelsea Annester✿ 

 2408 

 12 

 2597 

 en 

 None 

 https://pbs.twimg.com/profile_banners/1296472805702348801/1648258553 





Tweet successfuly insert
user_mention successfuly insert
user_mention successfuly insert
user_mention successfuly insert
user_mention successfuly insert
user_mention successfuly insert
user_mention successfuly insert
user_mention successfuly insert
-------------------------------------------------------------------------------------------------------------
-------------------------------------------------------------------------------------------------------------
Thu Apr 21 20:59:58 +0000 2022 

 1517246790109581312 

 Fluffy0325 found #bitcoin in a User vault at this location! Join me playing #coinhuntworld, It's awesome! https://t.co/0UWaPOuVKI #cryptocurrency #111801 https://t.co/O0YVDZPKDr 

 None 

 False 

 None 

 <a href="http://twitter.com/download/android" rel="nofollow">Twitter for Android</a> 

 0 

 [URL(URL=https://t.co/0UWaPOuVKI, ExpandedURL=https://coinhunt.gsc.im/OcgT2eg8A0)] 

 Jasondf03251 

 Jasondf0325 

 1 

 0 

 2 

 en 

 None 

 None 





Tweet successfuly insert
hashtag successfuly insert
hashtag successfuly insert
hashtag successfuly insert
-------------------------------------------------------------------------------------------------------------
-------------------------------------------------------------------------------------------------------------
Thu Apr 21 20:59:58 +0000 2022 

 1517246789069459457 

 RT @Susanosamuraiii: Marketing is our art, Shilling is our war and Leadership is our discipline.#RBXS 

🌐https://t.co/37Gr8fRSNS
Supply💯mil… 

 None 

 False 

 None 

 <a href="http://twitter.com/download/android" rel="nofollow">Twitter for Android</a> 

 21 

 [URL(URL=https://t.co/37Gr8fRSNS, ExpandedURL=https://linktr.ee/RBXSamurai)] 

 Manaminoble 

 Manami🟢Nobel🟢 

 150 

 0 

 188 

 en 

 None 

 None 





Error insert tweets ! ! !  Incorrect string value: '\xF0\x9F\x8C\x90ht...' for column 'text' at row 1
-------------------------------------------------------------------------------------------------------------
-------------------------------------------------------------------------------------------------------------
Thu Apr 21 20:59:58 +0000 2022 

 1517246788897492995 

 Kimse bir bok bilmiyor diyorum inanmıyorsunuz!

#Bitcoin azıcık çıkarsa BOĞA başladı diyorlar, azıcık düşerse AYI başladı diyorlar. Lan inanmayın bu çakma traderlere! Kelin ilacı olsa kendi kafasına sürer. 

 None 

 False 

 None 

 <a href="http://twitter.com/download/iphone" rel="nofollow">Twitter for iPhone</a> 

 0 

 [] 

 Bitcoin68753720 

 💲Bitcoin Mağduru💲🇹🇷 

 122 

 2 

 231 

 tr 

 None 

 None 





Error insert tweets ! ! !  Incorrect string value: '\xF0\x9F\x92\xB2Bi...' for column 'name' at row 1
-------------------------------------------------------------------------------------------------------------
-------------------------------------------------------------------------------------------------------------
Thu Apr 21 20:59:57 +0000 2022 

 1517246787865690112 

 RT @VuFiGang: Gorilla Mafias 🦍 have been working underground on the Ethereum blockchain.
These guys are always in action behind closed door… 

 None 

 False 

 None 

 <a href="https://mobile.twitter.com" rel="nofollow">Twitter Web App</a> 

 15 

 [] 

 Ru3Alexi 

 Alexi Ru 

 157 

 0 

 372 

 en 

 None 

 None 





Error insert tweets ! ! !  Incorrect string value: '\xF0\x9F\xA6\x8D h...' for column 'text' at row 1
-------------------------------------------------------------------------------------------------------------
-------------------------------------------------------------------------------------------------------------
Thu Apr 21 20:59:57 +0000 2022 

 1517246786938802178 

 RT @CryptoPunks88: $12000 in #Bitcoin among the first 3000 people who follow and retweet! 

Drop your wallets https://t.co/4AqAOGxTOt 

 None 

 False 

 None 

 <a href="https://mobile.twitter.com" rel="nofollow">Twitter Web App</a> 

 511 

 [] 

 virtual_Mok 

 Virtualmok 

 63 

 0 

 688 

 en 

 None 

 None 





Tweet successfuly insert
hashtag successfuly insert
user_mention successfuly insert
-------------------------------------------------------------------------------------------------------------
-------------------------------------------------------------------------------------------------------------
Thu Apr 21 20:59:57 +0000 2022 

 1517246786389393408 

 @gator_bitcoin what's your thoughts on how low can we go? 

 None 

 False 

 None 

 <a href="https://mobile.twitter.com" rel="nofollow">Twitter Web App</a> 

 0 

 [] 

 1stCoastCrypto 

 First Coast Crypto 

 831 

 17 

 4998 

 en 

 None 

 https://pbs.twimg.com/profile_banners/1360395724454842381/1622594102 





Tweet successfuly insert
Error insert user_mentions ! ! ! Incorrect string value: '\xF0\x9F\x87\xB9\xF0\x9F...' for column 'name' at row 1
-------------------------------------------------------------------------------------------------------------
-------------------------------------------------------------------------------------------------------------
Thu Apr 21 20:59:57 +0000 2022 

 1517246785789571074 

 RT @PlayWizardia: All this talk of listings, graphs, and numbers… 🧮 📊

Isn’t there an awesome game we’re working on? 🤔

🔥 @PlayWizardia has… 

 None 

 False 

 None 

 <a href="https://mobile.twitter.com" rel="nofollow">Twitter Web App</a> 

 9761 

 [] 

 EseniaM48147548 

 Есения Молчанова 

 0 

 0 

 4 

 en 

 None 

 None 





Error insert tweets ! ! !  Incorrect string value: '\xF0\x9F\xA7\xAE \xF0...' for column 'text' at row 1
-------------------------------------------------------------------------------------------------------------
-------------------------------------------------------------------------------------------------------------
Thu Apr 21 20:59:57 +0000 2022 

 1517246784862666752 

 RT @blocktrainer: 🚨Die #Volksbank "@VR_Bayern_Mitte" startet heute Ihr #Bitcoin Angebot! 🔥
Wie es dazu gekommen ist, welche Regulatorik erf… 

 None 

 False 

 None 

 <a href="http://twitter.com/download/android" rel="nofollow">Twitter for Android</a> 

 44 

 [] 

 Marco_A_Infuso 

 Marco A. Infuso 

 77 

 13 

 478 

 de 

 None 

 https://pbs.twimg.com/profile_banners/1435546520611393537/1631097768 





Error insert tweets ! ! !  Incorrect string value: '\xF0\x9F\x9A\xA8Di...' for column 'text' at row 1
-------------------------------------------------------------------------------------------------------------
-------------------------------------------------------------------------------------------------------------
Thu Apr 21 20:59:56 +0000 2022 

 1517246783227068416 

 RT @Donjuliozz: Will send 1 winner $110 in #Bitcoin 
If I can hit 110k on Twitter w/i 24hrs.

Only Retweet and Follow me. #LFG 

 None 

 False 

 None 

 <a href="http://twitter.com/download/android" rel="nofollow">Twitter for Android</a> 

 2805 

 [] 

 kastenqel 

 bil 🦋 

 258 

 4 

 4965 

 en 

 None 

 https://pbs.twimg.com/profile_banners/1473949835594063872/1650466676 





Error insert tweets ! ! !  Incorrect string value: '\xF0\x9F\xA6\x8B' for column 'name' at row 1
-------------------------------------------------------------------------------------------------------------
-------------------------------------------------------------------------------------------------------------
Thu Apr 21 20:59:56 +0000 2022 

 1517246783184850949 

 RT @officer_cia: Blockchain framework for artificial intelligence computation - Good Read! 🤯

👉https://t.co/cHGnB6TCto

Authors design the… 

 None 

 False 

 None 

 <a href="http://twitter.com/download/android" rel="nofollow">Twitter for Android</a> 

 3 

 [URL(URL=https://t.co/cHGnB6TCto, ExpandedURL=http://arxiv.org/pdf/2202.11264.pdf)] 

 MrPriyan 

 Priyan 

 27 

 1 

 157 

 en 

 None 

 None 





Error insert tweets ! ! !  Incorrect string value: '\xF0\x9F\xA4\xAF\x0A\x0A...' for column 'text' at row 1
-------------------------------------------------------------------------------------------------------------
-------------------------------------------------------------------------------------------------------------
Thu Apr 21 20:59:56 +0000 2022 

 1517246782673149952 

 RT @meganmoonxx: 🎉🎁 $FEG giveaway 🎁🎉

$100.00 | 1 follower | 48 hrs   

- RT my📍&amp; comment #BUYFEG 

#cryptocurrency #Giveaway #DeFi #FegArm… 

 None 

 False 

 None 

 <a href="http://twitter.com/download/iphone" rel="nofollow">Twitter for iPhone</a> 

 117 

 [] 

 feg_steph 

 Steph_Feg 

 1853 

 2 

 1937 

 en 

 None 

 https://pbs.twimg.com/profile_banners/1380382394562310144/1643716542 





Error insert tweets ! ! !  Incorrect string value: '\xF0\x9F\x8E\x89\xF0\x9F...' for column 'text' at row 1
-------------------------------------------------------------------------------------------------------------
-------------------------------------------------------------------------------------------------------------
Thu Apr 21 20:59:56 +0000 2022 

 1517246781037608960 

 RT @flozinbtc: $100 | GIVEAWAY IN 48 HRS 🦊

- Follow me + @mooxprotocol
- RT
- Tag a friend
-----------------------------------------
#good… 

 None 

 False 

 None 

 <a href="http://twitter.com/download/android" rel="nofollow">Twitter for Android</a> 

 577 

 [] 

 cityxvillage 

 🌼cityxvillage🌼 

 116 

 6 

 3184 

 en 

 None 

 https://pbs.twimg.com/profile_banners/1426582137604481029/1639386820 





Error insert tweets ! ! !  Incorrect string value: '\xF0\x9F\xA6\x8A\x0A\x0A...' for column 'text' at row 1
-------------------------------------------------------------------------------------------------------------
-------------------------------------------------------------------------------------------------------------
Thu Apr 21 20:59:56 +0000 2022 

 1517246780085317635 

 YoBit AirDrop: Earn up to 4700 Fast Dollars daily: https://t.co/wCDsiaqbeU
#yobit #bnb #bitcoin 

 None 

 False 

 None 

 <a href="https://mobile.twitter.com" rel="nofollow">Twitter Web App</a> 

 0 

 [URL(URL=https://t.co/wCDsiaqbeU, ExpandedURL=https://yobit.net/airdrop/bonus/OxxkD/)] 

 evelinabledans2 

 Evelina Bledans 

 0 

 0 

 3 

 en 

 None 

 None 





Tweet successfuly insert
hashtag successfuly insert
hashtag successfuly insert
hashtag successfuly insert
-------------------------------------------------------------------------------------------------------------
-------------------------------------------------------------------------------------------------------------
Thu Apr 21 20:59:56 +0000 2022 

 1517246780018200577 

 @einman_susan @Notasoothsayer1 @leftcoastbabe Help me move with my family to the western part of Ukraine
Please donate PayPal: miretkl@ukr.net or Bitcoin
I am an ordinary Ukrainian. I have a family, children. I can provide you with documents or family photos, live video
Tel/WhatsApp +380965886438 

 None 

 False 

 None 

 <a href="http://twitter.com/download/android" rel="nofollow">Twitter for Android</a> 

 0 

 [] 

 MirocnUkr 

 Miroslav 

 2 

 0 

 6 

 en 

 None 

 https://pbs.twimg.com/profile_banners/1516811696769228814/1650471264 





Error insert tweets ! ! !  Data too long for column 'text' at row 1
-------------------------------------------------------------------------------------------------------------
-------------------------------------------------------------------------------------------------------------
Thu Apr 21 20:59:55 +0000 2022 

 1517246779288338432 

 RT @specterpromoter: 🚨ÇEKİLİŞ ZAMANI🚨

🏆2 kişiye 30$ #USDT (450₺)
(30$ for 2 people)

Kurallar:

1️⃣ @DwarfKnightNft 📌 Sabitine RT&amp;♥️
2️⃣RT… 

 None 

 False 

 None 

 <a href="http://twitter.com/download/iphone" rel="nofollow">Twitter for iPhone</a> 

 379 

 [] 

 huseyinermisler 

 hüseyin ermişler 

 468 

 0 

 2549 

 tr 

 None 

 https://pbs.twimg.com/profile_banners/176000883/1584203233 





Error insert tweets ! ! !  Incorrect string value: '\xF0\x9F\x9A\xA8\xC3\x87...' for column 'text' at row 1
-------------------------------------------------------------------------------------------------------------
-------------------------------------------------------------------------------------------------------------
Thu Apr 21 20:59:55 +0000 2022 

 1517246778956992519 

 RT @SikhForTruth: Digital IDs are aimed to plug our real-world identities into the web3 ecosystem based entirely on blockchain which will a… 

 None 

 False 

 None 

 <a href="https://mobile.twitter.com" rel="nofollow">Twitter Web App</a> 

 39 

 [] 

 conoroc1979 

 Conor OC 🇮🇪 

 467 

 1 

 552 

 en 

 None 

 https://pbs.twimg.com/profile_banners/2696209069/1598052126 





Error insert tweets ! ! !  Incorrect string value: '\xF0\x9F\x87\xAE\xF0\x9F...' for column 'name' at row 1
-------------------------------------------------------------------------------------------------------------
-------------------------------------------------------------------------------------------------------------
Thu Apr 21 20:59:55 +0000 2022 

 1517246778713780225 

 RT @KriptoUzmanim: 70$ (1000TL) Çekilişi!!🎉🔥

-Beni Ve  @MikePromotes Takip Et !
-Rt Ve Beğeni At !

Çekiliş Süresi: 72 Saat⌛

Herkese Bol… 

 None 

 False 

 None 

 <a href="http://twitter.com/download/android" rel="nofollow">Twitter for Android</a> 

 145 

 [] 

 OBullMarket 

 ÖBM 

 97 

 14 

 923 

 tr 

 None 

 https://pbs.twimg.com/profile_banners/1481181020015808512/1641976977 





Error insert tweets ! ! !  Incorrect string value: '\xF0\x9F\x8E\x89\xF0\x9F...' for column 'text' at row 1
-------------------------------------------------------------------------------------------------------------
-------------------------------------------------------------------------------------------------------------
Thu Apr 21 20:59:55 +0000 2022 

 1517246777501618178 

 RT @AdrianhH2252: @VoltInuOfficial @ShibaMasterETH #VOLTINU #CRYPTO #Dextools #Ethereum
#Altcoins #CoinGecko #CEX #Cryptocom #VOLTINUTOTHEM… 

 None 

 False 

 None 

 <a href="http://twitter.com/download/iphone" rel="nofollow">Twitter for iPhone</a> 

 2 

 [] 

 Crypto_Veiga 

 ⚡️Cassidy⚡️ 

 1246 

 11 

 420 

 hu 

 None 

 https://pbs.twimg.com/profile_banners/1445755822445772806/1641972634 





Tweet successfuly insert
hashtag successfuly insert
hashtag successfuly insert
hashtag successfuly insert
hashtag successfuly insert
hashtag successfuly insert
hashtag successfuly insert
hashtag successfuly insert
hashtag successfuly insert
user_mention successfuly insert
user_mention successfuly insert
user_mention successfuly insert
-------------------------------------------------------------------------------------------------------------
-------------------------------------------------------------------------------------------------------------
Thu Apr 21 20:59:55 +0000 2022 

 1517246777153536000 

 RT @DeSpencer_: The Universal Laws of Life | The Geoffrey West Series | Episode 1 (WiM144) https://t.co/WdKKOOCbJk

Very cool to see @sfisc… 

 None 

 False 

 None 

 <a href="http://twitter.com/download/android" rel="nofollow">Twitter for Android</a> 

 5 

 [URL(URL=https://t.co/WdKKOOCbJk, ExpandedURL=https://youtu.be/EqwbtKWoB98)] 

 Breedllove21 

 Robert Breedlove 

 148 

 0 

 280 

 en 

 None 

 https://pbs.twimg.com/profile_banners/1203987441566265344/1650574487 





Tweet successfuly insert
user_mention successfuly insert
-------------------------------------------------------------------------------------------------------------
-------------------------------------------------------------------------------------------------------------
Thu Apr 21 20:59:55 +0000 2022 

 1517246776859893760 

 The most known form of investing is bitcoin. Bitcoin is a digital currency making similar to an online version of cash. Through the apps like wealth simple you deposit your money and it will switch to crypto currency making it easier to buy and sell stocks. 

 None 

 False 

 None 

 <a href="http://twitter.com/download/iphone" rel="nofollow">Twitter for iPhone</a> 

 0 

 [] 

 Moneymakers244 

 Moneymakersinthemaking 

 1 

 0 

 2 

 en 

 None 

 None 





Error insert tweets ! ! !  Data too long for column 'text' at row 1
-------------------------------------------------------------------------------------------------------------
-------------------------------------------------------------------------------------------------------------
Thu Apr 21 20:59:55 +0000 2022 

 1517246775828099072 

 [NEW] Is Terra Luna a ponzi scheme or a fantastic Bitcoin backed bank? + https://t.co/dBTjFlgzm7 #bitcoin #btc #cryptocurrency #crypto #blockchain 

 None 

 False 

 None 

 <a href="http://redditcryptobot.herokuapp.com/" rel="nofollow">reddit crypto currency</a> 

 0 

 [URL(URL=https://t.co/dBTjFlgzm7, ExpandedURL=https://www.reddit.com/r/CryptoCurrency/comments/u8gyg8/is_terra_luna_a_ponzi_scheme_or_a_fantastic/)] 

 rCryptoReddit 

 r/CryptoCurrency 

 890 

 4 

 1 

 en 

 None 

 https://pbs.twimg.com/profile_banners/1118348077109272577/1555546076 





Tweet successfuly insert
hashtag successfuly insert
hashtag successfuly insert
hashtag successfuly insert
hashtag successfuly insert
hashtag successfuly insert
-------------------------------------------------------------------------------------------------------------
-------------------------------------------------------------------------------------------------------------
Thu Apr 21 20:59:55 +0000 2022 

 1517246775530115072 

 RT @rovercrc: #BITCOIN HAS TO HIT $50,000 BEFORE MONDAY OR I WILL GIVEAWAY $2,500 TO ONE LUCKY FOLLOWER!! 🚨 

 None 

 False 

 None 

 <a href="http://twitter.com/download/android" rel="nofollow">Twitter for Android</a> 

 284 

 [] 

 RoonJoy 

 Cherry_xrp 

 109 

 6 

 608 

 en 

 None 

 None 





Error insert tweets ! ! !  Incorrect string value: '\xF0\x9F\x9A\xA8' for column 'text' at row 1
-------------------------------------------------------------------------------------------------------------
-------------------------------------------------------------------------------------------------------------
Thu Apr 21 20:59:54 +0000 2022 

 1517246775329005570 

 #Nasdaq kötüyse #Bitcoin'de kötü. #HODL 

 None 

 False 

 None 

 <a href="https://mobile.twitter.com" rel="nofollow">Twitter Web App</a> 

 0 

 [] 

 HopefullBull 

 Hopeful Bull 

 508 

 3 

 401 

 tr 

 None 

 https://pbs.twimg.com/profile_banners/1502017806216355849/1650118460 





Tweet successfuly insert
hashtag successfuly insert
hashtag successfuly insert
hashtag successfuly insert
-------------------------------------------------------------------------------------------------------------
-------------------------------------------------------------------------------------------------------------
Thu Apr 21 20:59:54 +0000 2022 

 1517246775114928128 

 RT @Faiza040206: this is a incredible idea! 
play to earn? 🚫
social &amp; earn? 💯☑️

#social2earn #cryptocurrency @teapartylife https://t.co/Vf… 

 None 

 False 

 None 

 <a href="http://twitter.com/download/android" rel="nofollow">Twitter for Android</a> 

 47 

 [] 

 noplek23 

 Noplek23 

 30 

 2 

 337 

 en 

 None 

 None 





Error insert tweets ! ! !  Incorrect string value: '\xF0\x9F\x9A\xAB\x0As...' for column 'text' at row 1
-------------------------------------------------------------------------------------------------------------
-------------------------------------------------------------------------------------------------------------
Thu Apr 21 20:59:54 +0000 2022 

 1517246774846672898 

 @Kollossol_ @A_dmg04 Just that i lost my metamask eth with trust wallet browser seed phrase i need help with my metamask lost funds metamask hacked account trust wallet hacked account uniswap not swapping pancakeswap wallet connect coinbase hacked account binance hacked account lost bitcoin wallet 

 None 

 False 

 None 

 <a href="https://mobile.twitter.com" rel="nofollow">Twitter Web App</a> 

 0 

 [] 

 SigmaChecklist 

 Sigma 

 1 

 0 

 0 

 en 

 None 

 https://pbs.twimg.com/profile_banners/1416752099816353800/1650574370 





Error insert tweets ! ! !  Data too long for column 'text' at row 1
-------------------------------------------------------------------------------------------------------------
-------------------------------------------------------------------------------------------------------------
Thu Apr 21 20:59:54 +0000 2022 

 1517246774666178561 

 RT @flozinbtc: $100 | GIVEAWAY IN 48 HRS 🦊

- Follow me + @mooxprotocol
- RT
- Tag a friend
-----------------------------------------
#good… 

 None 

 False 

 None 

 <a href="http://twitter.com/download/android" rel="nofollow">Twitter for Android</a> 

 577 

 [] 

 ___101xo109__ 

 👸✨🦋🌹🌈 

 33 

 0 

 320 

 en 

 None 

 https://pbs.twimg.com/profile_banners/1516214814237810691/1650440137 





Error insert tweets ! ! !  Incorrect string value: '\xF0\x9F\xA6\x8A\x0A\x0A...' for column 'text' at row 1
-------------------------------------------------------------------------------------------------------------
-------------------------------------------------------------------------------------------------------------
Thu Apr 21 20:59:54 +0000 2022 

 1517246774599204864 

 RT @Dennis_Porter_: #Bitcoin will decentralize political parties. In retrospect it will seem obvious. 

 None 

 False 

 None 

 <a href="http://twitter.com/download/android" rel="nofollow">Twitter for Android</a> 

 70 

 [] 

 SkaufOG 

 Skauf™ 🌕 

 218 

 11 

 868 

 en 

 None 

 https://pbs.twimg.com/profile_banners/2918363758/1647642102 





Error insert tweets ! ! !  Incorrect string value: '\xF0\x9F\x8C\x95' for column 'name' at row 1
-------------------------------------------------------------------------------------------------------------
-------------------------------------------------------------------------------------------------------------
Thu Apr 21 20:59:54 +0000 2022 

 1517246774406262784 

 RT @KriptoSudee: 1.000.000 #shiba dağıtıyorum.
Bu postu beğenip beni takip etmeniz yeterli 

#Bitcoin 

 None 

 False 

 None 

 <a href="http://twitter.com/download/android" rel="nofollow">Twitter for Android</a> 

 70 

 [] 

 Nooldunki 

 ErjiE ErjiE 

 26 

 2 

 783 

 tr 

 None 

 None 





Tweet successfuly insert
hashtag successfuly insert
hashtag successfuly insert
user_mention successfuly insert
-------------------------------------------------------------------------------------------------------------
-------------------------------------------------------------------------------------------------------------
Thu Apr 21 20:59:54 +0000 2022 

 1517246773122584576 

 RT @RealMoneyApe: @MetaPlayersGG brings together #eSports and #crypto, creating a mutually beneficial ecosystem for both! Their top results… 

 None 

 False 

 None 

 <a href="http://twitter.com/download/android" rel="nofollow">Twitter for Android</a> 

 853 

 [] 

 ot7ot6 

 chikorita𖧷✘| ia :(( hoonhoon ✨ 

 237 

 7 

 4272 

 en 

 None 

 https://pbs.twimg.com/profile_banners/1398483243972714499/1647182734 





Error insert tweets ! ! !  Incorrect string value: '\xF0\x96\xA7\xB7\xE2\x9C...' for column 'name' at row 1
-------------------------------------------------------------------------------------------------------------
-------------------------------------------------------------------------------------------------------------
Thu Apr 21 20:59:54 +0000 2022 

 1517246773022101504 

 RT @LacedWhales: 🐳 #Cardano $ADA Whale ❤️laced!
💰 Transaction Output: 3.3M ₳D₳ / 3.06M USD 
👁️ Tx info:
➡️ https://t.co/cMH8gxyed3

🙏Suppor… 

 None 

 False 

 None 

 <a href="https://www.bcm.edu/people-search/stephanie-koh-24693" rel="nofollow">sososun</a> 

 1 

 [URL(URL=https://t.co/cMH8gxyed3, ExpandedURL=https://adastat.net/transactions/e2a0675e794d4eb99200ae46739fe2d14a7250c73e8b17d7804257db3af48e24/)] 

 Tweetsfunding 

 Tweetsfunding 

 286 

 6 

 3 

 en 

 None 

 https://pbs.twimg.com/profile_banners/1493402999787593732/1644890497 





Error insert tweets ! ! !  Incorrect string value: '\xF0\x9F\x90\xB3 #...' for column 'text' at row 1
-------------------------------------------------------------------------------------------------------------
-------------------------------------------------------------------------------------------------------------
Thu Apr 21 20:59:54 +0000 2022 

 1517246772749516800 

 Updated Bitcoin transaction fees: 
    
BCH Next Block: $0.0016 
BCH Weekly Median: $0.0008 

BTC Next Block: $0.20 
BTC Weekly Median: $0.41 

 None 

 False 

 None 

 <a href="https://ifttt.com" rel="nofollow">IFTTT</a> 

 0 

 [] 

 BitcoinFeesCash 

 Bitcoin Fees 

 883 

 7 

 393 

 en 

 None 

 https://pbs.twimg.com/profile_banners/1118873707785674752/1555705309 





Tweet successfuly insert
-------------------------------------------------------------------------------------------------------------
-------------------------------------------------------------------------------------------------------------
Thu Apr 21 20:59:54 +0000 2022 

 1517246771604656128 

 RT @ArenaMasterGame: 💥Sit down and get ready, Okay? 

Cause Arena Master's trailer is here 👇

Tell us your opinion in comments⚡️

MEET YOU… 

 None 

 False 

 None 

 <a href="http://twitter.com/download/android" rel="nofollow">Twitter for Android</a> 

 430 

 [] 

 MDSaRu3 

 MD.SaRu 

 8 

 2 

 371 

 en 

 None 

 None 





Error insert tweets ! ! !  Incorrect string value: '\xF0\x9F\x92\xA5Si...' for column 'text' at row 1
-------------------------------------------------------------------------------------------------------------
-------------------------------------------------------------------------------------------------------------
Thu Apr 21 20:59:53 +0000 2022 

 1517246770018865152 

 The Proton Blockchain loves this news...
With the new virtual machine integrated, the foundation says that the EOS network would be able to attract more developers, opening the way for rapid adoption. 
@ProtonXPR  #DeFi #Loans
https://t.co/hjUJTntCOy 

 None 

 False 

 None 

 <a href="https://mobile.twitter.com" rel="nofollow">Twitter Web App</a> 

 0 

 [URL(URL=https://t.co/hjUJTntCOy, ExpandedURL=https://cryptonews.com/news/eos-jumps-as-foundation-introduces-a-new-turn-key-solution-for-developers.htm)] 

 Bitcoinwalking 

 bruce.xpr ⚛️❤️🤘 

 2325 

 43 

 1497 

 en 

 None 

 https://pbs.twimg.com/profile_banners/7682892/1646446327 





Error insert tweets ! ! !  Incorrect string value: '\xF0\x9F\xA4\x98' for column 'name' at row 1
-------------------------------------------------------------------------------------------------------------
-------------------------------------------------------------------------------------------------------------
Thu Apr 21 20:59:53 +0000 2022 

 1517246768420986881 

 RT @dergigi: The fact that nobody gets paid to promote #Bitcoin is why there is bitcoin and there is shitcoin. 

 None 

 False 

 None 

 <a href="https://mobile.twitter.com" rel="nofollow">Twitter Web App</a> 

 78 

 [] 

 VeetiPitkoilija 

 Veeti Pitkoilija mcdonaldsuntil100k 

 636 

 12 

 132 

 en 

 None 

 None 





Tweet successfuly insert
hashtag successfuly insert
Error insert user_mentions ! ! ! Incorrect string value: '\xF0\x9F\xA7\xA1' for column 'name' at row 1
-------------------------------------------------------------------------------------------------------------
-------------------------------------------------------------------------------------------------------------
Thu Apr 21 20:59:53 +0000 2022 

 1517246768374816768 

 RT @thebitcoinboyy: The Bitcoin Boy X SolClones Giveaway 

Prize: 4 WL Spots 🎁 

Requirements: 
1️⃣ Follow @thebitcoinboyy and @SolClones 🪄… 

 None 

 False 

 None 

 <a href="http://twitter.com/download/iphone" rel="nofollow">Twitter for iPhone</a> 

 32 

 [] 

 MatteoFx20 

 Matteo 

 150 

 3 

 2394 

 en 

 None 

 None 





Error insert tweets ! ! !  Incorrect string value: '\xF0\x9F\x8E\x81 \x0A...' for column 'text' at row 1
-------------------------------------------------------------------------------------------------------------
-------------------------------------------------------------------------------------------------------------
Thu Apr 21 20:59:53 +0000 2022 

 1517246768051802119 

 @bitcoin_kurdu @Nebraskangooner 🤣🤣🤣🤣 

 None 

 False 

 None 

 <a href="http://twitter.com/download/iphone" rel="nofollow">Twitter for iPhone</a> 

 0 

 [] 

 bbanugmailcom1 

 Banu 

 114 

 1 

 600 

 und 

 None 

 https://pbs.twimg.com/profile_banners/1145000956381343745/1622403290 





Error insert tweets ! ! !  Incorrect string value: '\xF0\x9F\xA4\xA3\xF0\x9F...' for column 'text' at row 1
-------------------------------------------------------------------------------------------------------------
-------------------------------------------------------------------------------------------------------------
Thu Apr 21 20:59:53 +0000 2022 

 1517246767305138176 

 RT @Luna_Pomp: Myria is a blockchain gaming ecosystem built on their own Myria L2 scaling solutions. 
Giveaway of $500 for 5 winners!
1. Jo… 

 None 

 False 

 None 

 <a href="http://twitter.com/download/android" rel="nofollow">Twitter for Android</a> 

 741 

 [] 

 harumewangie 

 Hamsa🍊FREE TAG🍊 

 656 

 10 

 1200 

 en 

 None 

 https://pbs.twimg.com/profile_banners/1285736459224272897/1650457820 





Error insert tweets ! ! !  Incorrect string value: '\xF0\x9F\x8D\x8AFR...' for column 'name' at row 1
-------------------------------------------------------------------------------------------------------------
-------------------------------------------------------------------------------------------------------------
Thu Apr 21 20:59:52 +0000 2022 

 1517246766432800775 

 ZilliqaAds: RT @bitpanda: Scalability has proven to be one of the inherent teething problems of blockchain technology, one that must be overcome in order to make way for mainstream adoption. This week’s #SpotlightAsset, @zilliqa tries to solve this throu… https://t.co/OM0R68aaGL 

 None 

 False 

 None 

 <a href="https://ifttt.com" rel="nofollow">IFTTT</a> 

 0 

 [] 

 CharlotteJ1981 

 PlanetCharlotte 🌏🙏🏼 

 23 

 0 

 26 

 en 

 None 

 https://pbs.twimg.com/profile_banners/1446651010638757889/1633745076 





Error insert tweets ! ! !  Data too long for column 'text' at row 1
-------------------------------------------------------------------------------------------------------------
-------------------------------------------------------------------------------------------------------------
Thu Apr 21 20:59:52 +0000 2022 

 1517246764855832576 

 @HHfegtastic @FEGtoken 💯🔒Complete security with #GrafeneWallet
https://t.co/cyOWLvBv0n
@FEGtoken
@lifeisdefi 
#BUYFEG $FEG $ROX #BSCGems #FEG #Investment #Crypto #BTC #ETH #altcoins #altcoin #ADA #Ethereum #Bitcoin #NFTGame #NFTCommunity #NFTs #NFT
#DeFi #CryptoExpoDubai2022 #BSC
🔒💯🧿🧿 

 None 

 False 

 None 

 <a href="http://twitter.com/download/android" rel="nofollow">Twitter for Android</a> 

 0 

 [URL(URL=https://t.co/cyOWLvBv0n, ExpandedURL=http://Grafene.com)] 

 Akbar73741 

 Akbar 

 819 

 11 

 1871 

 en 

 None 

 https://pbs.twimg.com/profile_banners/1400046058340761604/1629301040 





Error insert tweets ! ! !  Incorrect string value: '\xF0\x9F\x92\xAF\xF0\x9F...' for column 'text' at row 1
-------------------------------------------------------------------------------------------------------------
-------------------------------------------------------------------------------------------------------------
Thu Apr 21 20:59:52 +0000 2022 

 1517246764759330816 

 “We can’t allow mathematics to continue to operate outside the regulatory framework. If you want to multiply large numbers, you are going to need a license. There will be restrictions on calculations made on self-hosted calculators.”
That’s what banning Bitcoin sounds like. 

 None 

 False 

 None 

 <a href="http://twitter.com/download/iphone" rel="nofollow">Twitter for iPhone</a> 

 0 

 [] 

 LeoAW 

 Leo Weese 獅草地 

 12253 

 388 

 768 

 en 

 None 

 https://pbs.twimg.com/profile_banners/86829277/1627471711 





Error insert tweets ! ! !  Data too long for column 'text' at row 1
-------------------------------------------------------------------------------------------------------------
-------------------------------------------------------------------------------------------------------------
Thu Apr 21 20:59:52 +0000 2022 

 1517246764675473409 

 RT @mister__crypto: I will give $70 #Bitcoin to one person if I hit 7,000 on twitter in the next hour. Just retweet and be following me. Le… 

 None 

 False 

 None 

 <a href="http://twitter.com/download/android" rel="nofollow">Twitter for Android</a> 

 594 

 [] 

 PasqualeMT 

 Pasquale D'Errico 

 36 

 18 

 719 

 en 

 None 

 None 





Tweet successfuly insert
hashtag successfuly insert
Error insert user_mentions ! ! ! Incorrect string value: '\xF0\x9F\x91\x91' for column 'name' at row 1
-------------------------------------------------------------------------------------------------------------
-------------------------------------------------------------------------------------------------------------
Thu Apr 21 20:59:52 +0000 2022 

 1517246764474159109 

 RT @Texan_Shinja: IT IS IMPORTANT TO DO YOUR OWN RESEARCH. THERE HAS NOT BEEN ONE SINGLE DAY IN OVER 60 DAYS IN WHICH THE HOLDER COUNT WENT… 

 None 

 False 

 None 

 <a href="http://twitter.com/download/android" rel="nofollow">Twitter for Android</a> 

 42 

 [] 

 Mehmetpeksen60 

 Mehmet pekşen 

 66 

 0 

 179 

 en 

 None 

 https://pbs.twimg.com/profile_banners/1498781970846949376/1650356500 





Tweet successfuly insert
Error insert user_mentions ! ! ! Incorrect string value: '\xF0\x9F\x87\xBA\xF0\x9F...' for column 'name' at row 1
-------------------------------------------------------------------------------------------------------------
-------------------------------------------------------------------------------------------------------------
Thu Apr 21 20:59:52 +0000 2022 

 1517246763618516992 

 RT @Texan_Shinja: Listen to SHINJA Rock Radio Live!! Playing Rock and Roll as hard as the Shibnobi team works.

https://t.co/ofSGQFNhPX

Mo… 

 None 

 False 

 None 

 <a href="http://twitter.com/download/android" rel="nofollow">Twitter for Android</a> 

 6 

 [URL(URL=https://t.co/ofSGQFNhPX, ExpandedURL=https://www.radioking.com/radio/shinja-radio)] 

 MahmutK12365628 

 Mahmut Kulak 

 80 

 5 

 48 

 en 

 None 

 None 





Tweet successfuly insert
Error insert user_mentions ! ! ! Incorrect string value: '\xF0\x9F\x87\xBA\xF0\x9F...' for column 'name' at row 1
-------------------------------------------------------------------------------------------------------------
-------------------------------------------------------------------------------------------------------------
Thu Apr 21 20:59:52 +0000 2022 

 1517246763450707968 

 Referring to cryptocurrency as the "pedophiles arcade token" 

 None 

 False 

 None 

 <a href="https://mobile.twitter.com" rel="nofollow">Twitter Web App</a> 

 0 

 [] 

 BDSMYODA 

 Tactical Black Face 

 431 

 5 

 553 

 en 

 None 

 https://pbs.twimg.com/profile_banners/340407726/1583090041 





Tweet successfuly insert
-------------------------------------------------------------------------------------------------------------
-------------------------------------------------------------------------------------------------------------
Thu Apr 21 20:59:52 +0000 2022 

 1517246763173875712 

 @HodlTheBag_ @tweetdeez757 My sincere sympathy, i had same issues and got it recovered through https://t.co/05h7EcFGjE a genius in cryptocurrency recovery try him. 

 None 

 False 

 None 

 <a href="http://twitter.com/download/iphone" rel="nofollow">Twitter for iPhone</a> 

 0 

 [URL(URL=https://t.co/05h7EcFGjE, ExpandedURL=http://www.instagram.com/robin_cyber22)] 

 george_Bn4 

 George Benson 

 1216 

 1 

 1239 

 en 

 None 

 https://pbs.twimg.com/profile_banners/1319541552981606400/1648227962 





Tweet successfuly insert
user_mention successfuly insert
user_mention successfuly insert
-------------------------------------------------------------------------------------------------------------
-------------------------------------------------------------------------------------------------------------
Thu Apr 21 20:59:52 +0000 2022 

 1517246763047993346 

 RT @NikSunday: Seguimos buscando becados para axie infinity, preferentemente con experiencia previa. Ofrecemos el 50% y 40 energias. Intere… 

 None 

 False 

 None 

 <a href="https://mobile.twitter.com" rel="nofollow">Twitter Web App</a> 

 1 

 [] 

 Meyzlibuca 

 Meyz † 

 2581 

 2 

 272 

 es 

 None 

 None 





Tweet successfuly insert
user_mention successfuly insert
-------------------------------------------------------------------------------------------------------------
-------------------------------------------------------------------------------------------------------------
Thu Apr 21 20:59:51 +0000 2022 

 1517246762779820032 

 StreamOn ▶️ Active listener
🔁Retweet Spotify

👉https://t.co/h81Iv7ZOY1

🤝https://t.co/OX4MXiNIVJ

👍https://t.co/L9C9M0AjPD

#API #blockchain #Web3 #crypto #Python #java #dAPI #dApps #smartcontracts #golang #Azure #dev #Data #VR #DeFi #AI #100Devs #100DaysOfCode #flutterdev https://t.co/dzxHGBit9U 

 None 

 False 

 None 

 <a href="http://twitter.com/download/android" rel="nofollow">Twitter for Android</a> 

 0 

 [URL(URL=https://t.co/h81Iv7ZOY1, ExpandedURL=https://open.spotify.com/track/2o8kmcip6yKFcYGluRxWe5?si=FJx9wKfWRV-9ePQRcu9niw), URL(URL=https://t.co/OX4MXiNIVJ, ExpandedURL=http://open.spotify.com/album/0y0WxAxhyfYQwaIrgwBfNs?si=WDOCJ6GFSCIPIP6-RKVKSA), URL(URL=https://t.co/L9C9M0AjPD, ExpandedURL=https://push.fm/fl/v1nittpl)] 

 victorysunday2k 

 Victory Sunday 

 378 

 0 

 321 

 en 

 None 

 None 





Error insert tweets ! ! !  Incorrect string value: '\xF0\x9F\x94\x81Re...' for column 'text' at row 1
-------------------------------------------------------------------------------------------------------------
-------------------------------------------------------------------------------------------------------------
Thu Apr 21 20:59:51 +0000 2022 

 1517246762297315329 

 @InvArchNetwork could have save this kid's legacy. Once it launches, this won't ever happen again :)

#InvArch #Polkadot #Web3 #Blockchain #NFTs #DAOs #parachain #cryptocurrency #dApp https://t.co/iYBbb2WKhq 

 None 

 False 

 None 

 <a href="https://mobile.twitter.com" rel="nofollow">Twitter Web App</a> 

 0 

 [URL(URL=https://t.co/iYBbb2WKhq, ExpandedURL=https://twitter.com/s4vick4s/status/1517227141074665472)] 

 dimkakazahstan 

 Dmytro B. 

 200 

 1 

 252 

 en 

 None 

 https://pbs.twimg.com/profile_banners/561468050/1415183652 





Tweet successfuly insert
hashtag successfuly insert
hashtag successfuly insert
hashtag successfuly insert
hashtag successfuly insert
hashtag successfuly insert
hashtag successfuly insert
hashtag successfuly insert
hashtag successfuly insert
hashtag successfuly insert
user_mention successfuly insert
-------------------------------------------------------------------------------------------------------------
-------------------------------------------------------------------------------------------------------------
Thu Apr 21 20:59:51 +0000 2022 

 1517246762213425152 

 RT @rovercrc: #BITCOIN HAS TO HIT $50,000 BEFORE MONDAY OR I WILL GIVEAWAY $2,500 TO ONE LUCKY FOLLOWER!! 🚨 

 None 

 False 

 None 

 <a href="http://twitter.com/download/android" rel="nofollow">Twitter for Android</a> 

 284 

 [] 

 GulovMerdan 

 H.A.N 

 28 

 1 

 86 

 en 

 None 

 https://pbs.twimg.com/profile_banners/1452974381026643971/1649464349 





Error insert tweets ! ! !  Incorrect string value: '\xF0\x9F\x9A\xA8' for column 'text' at row 1
-------------------------------------------------------------------------------------------------------------
-------------------------------------------------------------------------------------------------------------
Thu Apr 21 20:59:51 +0000 2022 

 1517246761567465473 

 RT @WClementeIII: Year to date performance:

Shopify -60%
Netflix -60%
PayPal -50%
Facebook -40%
ARKK -40%
Nasdaq -14%
Bitcoin -13%

Despit… 

 None 

 False 

 None 

 <a href="http://twitter.com/download/android" rel="nofollow">Twitter for Android</a> 

 1023 

 [] 

 DugatLudovic 

 moze33 

 76 

 4 

 156 

 en 

 None 

 None 





Tweet successfuly insert
user_mention successfuly insert
-------------------------------------------------------------------------------------------------------------
-------------------------------------------------------------------------------------------------------------
Thu Apr 21 20:59:51 +0000 2022 

 1517246761341009921 

 #Defi #ethax #ethaxcrypto #ethaxtoken #DEX #Cryptocurrency #Ethereum #Binancesmartchain #Bitcoin
This collectively combines to make ETHAX a world class software service and world-leading digital asset trading platform. 

 None 

 False 

 None 

 <a href="http://twitter.com/download/android" rel="nofollow">Twitter for Android</a> 

 0 

 [] 

 sodium_salt 

 Sodium salt 

 1545 

 1 

 1717 

 en 

 None 

 https://pbs.twimg.com/profile_banners/977551241260752896/1645189896 





Tweet successfuly insert
hashtag successfuly insert
hashtag successfuly insert
hashtag successfuly insert
hashtag successfuly insert
hashtag successfuly insert
hashtag successfuly insert
hashtag successfuly insert
hashtag successfuly insert
hashtag successfuly insert
-------------------------------------------------------------------------------------------------------------
-------------------------------------------------------------------------------------------------------------
Thu Apr 21 20:59:51 +0000 2022 

 1517246761223524352 

 @VoltInuOfficial @ShibaMasterETH #VOLTINU #CRYPTO #Dextools #Ethereum
#Altcoins #CoinGecko #CEX #Cryptocom #VOLTINUTOTHEMOON #VOLT #VOLTINU100X
#VOLTINUCMC #COINMARKETCAP  #volttothemoon #voltinu #Next100XGEMS #100xCoin #volt #Crypto #cryptocurrency #CryptocurrencyNews $VOLT #Altseason #Altcoin #Memecoin https://t.co/rTnXdSCRxo 

 None 

 False 

 None 

 <a href="http://twitter.com/download/android" rel="nofollow">Twitter for Android</a> 

 0 

 [] 

 fj_delacruz 

 Felix D 

 121 

 1 

 74 

 hu 

 None 

 None 





Error insert tweets ! ! !  Data too long for column 'text' at row 1
-------------------------------------------------------------------------------------------------------------
-------------------------------------------------------------------------------------------------------------
Thu Apr 21 20:59:51 +0000 2022 

 1517246760900431872 

 RT @PhotoAbstract2: SPINNING WHEELS. Don't feel too low, or too high. The wheels of life keep spinning.  #NFTCommunity #NFTartist #nftphoto… 

 None 

 False 

 None 

 <a href="http://twitter.com/download/android" rel="nofollow">Twitter for Android</a> 

 4 

 [] 

 Baby394951350 

 Baby3 

 0 

 0 

 19 

 en 

 None 

 None 





Tweet successfuly insert
hashtag successfuly insert
hashtag successfuly insert
user_mention successfuly insert
-------------------------------------------------------------------------------------------------------------




39 tweets save
98 hashtags insert
35 user mentions insert



